<?xml version="1.0" encoding="UTF-8"?>
<coverage generated="1760236116211" clover="3.2.0">
  <project timestamp="1760236116212" name="All files">
    <metrics statements="19" coveredstatements="19" conditionals="24" coveredconditionals="15" methods="6" coveredmethods="6" elements="49" coveredelements="40" complexity="0" loc="19" ncloc="19" packages="1" files="1" classes="1"/>
    <file name="RegisterPage.jsx" path="D:\projects\Personal-Task-Management-App\src\features\auth\RegisterPage.jsx">
      <metrics statements="19" coveredstatements="19" conditionals="24" coveredconditionals="15" methods="6" coveredmethods="6"/>
      <line num="6" count="1" type="stmt"/>
      <line num="8" count="1" type="stmt"/>
      <line num="16" count="36" type="stmt"/>
      <line num="18" count="36" type="stmt"/>
      <line num="19" count="36" type="stmt"/>
      <line num="20" count="36" type="stmt"/>
      <line num="22" count="36" type="stmt"/>
      <line num="23" count="2" type="stmt"/>
      <line num="24" count="2" type="stmt"/>
      <line num="25" count="2" type="cond" truecount="2" falsecount="0"/>
      <line num="26" count="1" type="stmt"/>
      <line num="27" count="1" type="stmt"/>
      <line num="29" count="1" type="cond" truecount="1" falsecount="1"/>
      <line num="33" count="36" type="stmt"/>
      <line num="80" count="2" type="cond" truecount="1" falsecount="1"/>
      <line num="100" count="2" type="cond" truecount="1" falsecount="1"/>
      <line num="115" count="4" type="cond" truecount="1" falsecount="1"/>
      <line num="118" count="2" type="stmt"/>
      <line num="119" count="2" type="cond" truecount="1" falsecount="1"/>
    </file>
  </project>
</coverage>
