<?xml version="1.0" encoding="UTF-8"?>
<coverage generated="1760285996403" clover="3.2.0">
  <project timestamp="1760285996404" name="All files">
    <metrics statements="21" coveredstatements="21" conditionals="24" coveredconditionals="20" methods="7" coveredmethods="7" elements="52" coveredelements="48" complexity="0" loc="21" ncloc="21" packages="1" files="2" classes="2"/>
    <file name="LoginPage.jsx" path="D:\projects\Personal-Task-Management-App\src\features\auth\LoginPage.jsx">
      <metrics statements="2" coveredstatements="2" conditionals="0" coveredconditionals="0" methods="1" coveredmethods="1"/>
      <line num="1" count="1" type="stmt"/>
      <line num="3" count="1" type="stmt"/>
    </file>
    <file name="RegisterPage.jsx" path="D:\projects\Personal-Task-Management-App\src\features\auth\RegisterPage.jsx">
      <metrics statements="19" coveredstatements="19" conditionals="24" coveredconditionals="20" methods="6" coveredmethods="6"/>
      <line num="7" count="1" type="stmt"/>
      <line num="9" count="1" type="stmt"/>
      <line num="17" count="73" type="stmt"/>
      <line num="19" count="73" type="stmt"/>
      <line num="20" count="73" type="stmt"/>
      <line num="21" count="73" type="stmt"/>
      <line num="23" count="73" type="stmt"/>
      <line num="24" count="3" type="stmt"/>
      <line num="25" count="3" type="stmt"/>
      <line num="26" count="3" type="cond" truecount="2" falsecount="0"/>
      <line num="27" count="2" type="stmt"/>
      <line num="28" count="2" type="stmt"/>
      <line num="30" count="1" type="cond" truecount="1" falsecount="1"/>
      <line num="34" count="73" type="stmt"/>
      <line num="81" count="4" type="cond" truecount="2" falsecount="0"/>
      <line num="101" count="4" type="cond" truecount="2" falsecount="0"/>
      <line num="116" count="10" type="cond" truecount="1" falsecount="1"/>
      <line num="119" count="5" type="stmt"/>
      <line num="120" count="5" type="cond" truecount="1" falsecount="1"/>
    </file>
  </project>
</coverage>
