{"D:\\projects\\Personal-Task-Management-App\\src\\features\\auth\\LoginPage.jsx": {"path":"D:\\projects\\Personal-Task-Management-App\\src\\features\\auth\\LoginPage.jsx","statementMap":{"0":{"start":{"line":1,"column":18},"end":{"line":8,"column":1}},"1":{"start":{"line":3,"column":2},"end":{"line":7,"column":3}}},"fnMap":{"0":{"name":"(anonymous_0)","decl":{"start":{"line":1,"column":18},"end":{"line":1,"column":19}},"loc":{"start":{"line":1,"column":24},"end":{"line":8,"column":1}},"line":1}},"branchMap":{},"s":{"0":1,"1":1},"f":{"0":1},"b":{},"_coverageSchema":"1a1c01bbd47fc00a2c39e90264f33305004495a9","hash":"b3d2c40bbb7a8ea6ea2742d77a852a5450a204d1"}
,"D:\\projects\\Personal-Task-Management-App\\src\\features\\auth\\RegisterPage.jsx": {"path":"D:\\projects\\Personal-Task-Management-App\\src\\features\\auth\\RegisterPage.jsx","statementMap":{"0":{"start":{"line":7,"column":22},"end":{"line":7,"column":74}},"1":{"start":{"line":9,"column":21},"end":{"line":153,"column":1}},"2":{"start":{"line":17,"column":6},"end":{"line":17,"column":49}},"3":{"start":{"line":19,"column":19},"end":{"line":19,"column":32}},"4":{"start":{"line":20,"column":19},"end":{"line":20,"column":40}},"5":{"start":{"line":21,"column":17},"end":{"line":21,"column":38}},"6":{"start":{"line":23,"column":19},"end":{"line":32,"column":3}},"7":{"start":{"line":24,"column":4},"end":{"line":31,"column":5}},"8":{"start":{"line":25,"column":24},"end":{"line":25,"column":71}},"9":{"start":{"line":26,"column":6},"end":{"line":26,"column":28}},"10":{"start":{"line":26,"column":17},"end":{"line":26,"column":28}},"11":{"start":{"line":27,"column":6},"end":{"line":27,"column":42}},"12":{"start":{"line":28,"column":6},"end":{"line":28,"column":85}},"13":{"start":{"line":30,"column":6},"end":{"line":30,"column":73}},"14":{"start":{"line":34,"column":2},"end":{"line":152,"column":3}},"15":{"start":{"line":81,"column":18},"end":{"line":82,"column":82}},"16":{"start":{"line":101,"column":33},"end":{"line":101,"column":72}},"17":{"start":{"line":116,"column":33},"end":{"line":116,"column":79}},"18":{"start":{"line":119,"column":16},"end":{"line":119,"column":77}},"19":{"start":{"line":120,"column":16},"end":{"line":120,"column":58}},"20":{"start":{"line":120,"column":38},"end":{"line":120,"column":58}}},"fnMap":{"0":{"name":"(anonymous_0)","decl":{"start":{"line":9,"column":21},"end":{"line":9,"column":22}},"loc":{"start":{"line":9,"column":27},"end":{"line":153,"column":1}},"line":9},"1":{"name":"(anonymous_1)","decl":{"start":{"line":23,"column":19},"end":{"line":23,"column":20}},"loc":{"start":{"line":23,"column":50},"end":{"line":32,"column":3}},"line":23},"2":{"name":"(anonymous_2)","decl":{"start":{"line":80,"column":26},"end":{"line":80,"column":27}},"loc":{"start":{"line":81,"column":18},"end":{"line":82,"column":82}},"line":81},"3":{"name":"(anonymous_3)","decl":{"start":{"line":101,"column":26},"end":{"line":101,"column":27}},"loc":{"start":{"line":101,"column":33},"end":{"line":101,"column":72}},"line":101},"4":{"name":"(anonymous_4)","decl":{"start":{"line":116,"column":26},"end":{"line":116,"column":27}},"loc":{"start":{"line":116,"column":33},"end":{"line":116,"column":79}},"line":116},"5":{"name":"(anonymous_5)","decl":{"start":{"line":118,"column":24},"end":{"line":118,"column":25}},"loc":{"start":{"line":118,"column":31},"end":{"line":121,"column":15}},"line":118}},"branchMap":{"0":{"loc":{"start":{"line":26,"column":6},"end":{"line":26,"column":28}},"type":"if","locations":[{"start":{"line":26,"column":6},"end":{"line":26,"column":28}},{"start":{},"end":{}}],"line":26},"1":{"loc":{"start":{"line":30,"column":18},"end":{"line":30,"column":72}},"type":"binary-expr","locations":[{"start":{"line":30,"column":18},"end":{"line":30,"column":30}},{"start":{"line":30,"column":34},"end":{"line":30,"column":72}}],"line":30},"2":{"loc":{"start":{"line":64,"column":13},"end":{"line":64,"column":96}},"type":"binary-expr","locations":[{"start":{"line":64,"column":13},"end":{"line":64,"column":25}},{"start":{"line":64,"column":29},"end":{"line":64,"column":96}}],"line":64},"3":{"loc":{"start":{"line":81,"column":18},"end":{"line":82,"column":82}},"type":"binary-expr","locations":[{"start":{"line":81,"column":18},"end":{"line":81,"column":39}},{"start":{"line":82,"column":18},"end":{"line":82,"column":82}}],"line":81},"4":{"loc":{"start":{"line":85,"column":13},"end":{"line":85,"column":102}},"type":"binary-expr","locations":[{"start":{"line":85,"column":13},"end":{"line":85,"column":28}},{"start":{"line":85,"column":32},"end":{"line":85,"column":102}}],"line":85},"5":{"loc":{"start":{"line":101,"column":33},"end":{"line":101,"column":72}},"type":"binary-expr","locations":[{"start":{"line":101,"column":33},"end":{"line":101,"column":47}},{"start":{"line":101,"column":51},"end":{"line":101,"column":72}}],"line":101},"6":{"loc":{"start":{"line":104,"column":13},"end":{"line":104,"column":100}},"type":"binary-expr","locations":[{"start":{"line":104,"column":13},"end":{"line":104,"column":27}},{"start":{"line":104,"column":31},"end":{"line":104,"column":100}}],"line":104},"7":{"loc":{"start":{"line":116,"column":33},"end":{"line":116,"column":79}},"type":"binary-expr","locations":[{"start":{"line":116,"column":33},"end":{"line":116,"column":43}},{"start":{"line":116,"column":47},"end":{"line":116,"column":79}}],"line":116},"8":{"loc":{"start":{"line":120,"column":16},"end":{"line":120,"column":58}},"type":"if","locations":[{"start":{"line":120,"column":16},"end":{"line":120,"column":58}},{"start":{},"end":{}}],"line":120},"9":{"loc":{"start":{"line":128,"column":11},"end":{"line":128,"column":94}},"type":"binary-expr","locations":[{"start":{"line":128,"column":11},"end":{"line":128,"column":23}},{"start":{"line":128,"column":27},"end":{"line":128,"column":94}}],"line":128},"10":{"loc":{"start":{"line":134,"column":22},"end":{"line":134,"column":45}},"type":"binary-expr","locations":[{"start":{"line":134,"column":22},"end":{"line":134,"column":29}},{"start":{"line":134,"column":33},"end":{"line":134,"column":45}}],"line":134},"11":{"loc":{"start":{"line":136,"column":13},"end":{"line":143,"column":13}},"type":"cond-expr","locations":[{"start":{"line":137,"column":14},"end":{"line":140,"column":17}},{"start":{"line":142,"column":14},"end":{"line":142,"column":23}}],"line":136}},"s":{"0":1,"1":1,"2":73,"3":73,"4":73,"5":73,"6":73,"7":3,"8":3,"9":3,"10":1,"11":2,"12":2,"13":1,"14":73,"15":4,"16":4,"17":10,"18":5,"19":5,"20":5},"f":{"0":73,"1":3,"2":4,"3":4,"4":10,"5":5},"b":{"0":[1,2],"1":[1,0],"2":[73,1],"3":[4,1],"4":[73,2],"5":[4,1],"6":[73,2],"7":[10,0],"8":[5,0],"9":[73,0],"10":[73,33],"11":[6,67]},"_coverageSchema":"1a1c01bbd47fc00a2c39e90264f33305004495a9","hash":"10d60bd6b55659057bfcd2702912dcc03b68f425"}
}
