{"D:\\projects\\Personal-Task-Management-App\\src\\features\\auth\\RegisterPage.jsx": {"path":"D:\\projects\\Personal-Task-Management-App\\src\\features\\auth\\RegisterPage.jsx","statementMap":{"0":{"start":{"line":6,"column":22},"end":{"line":6,"column":74}},"1":{"start":{"line":8,"column":21},"end":{"line":152,"column":1}},"2":{"start":{"line":16,"column":6},"end":{"line":16,"column":49}},"3":{"start":{"line":18,"column":19},"end":{"line":18,"column":32}},"4":{"start":{"line":19,"column":19},"end":{"line":19,"column":40}},"5":{"start":{"line":20,"column":17},"end":{"line":20,"column":38}},"6":{"start":{"line":22,"column":19},"end":{"line":31,"column":3}},"7":{"start":{"line":23,"column":4},"end":{"line":30,"column":5}},"8":{"start":{"line":24,"column":24},"end":{"line":24,"column":71}},"9":{"start":{"line":25,"column":6},"end":{"line":25,"column":28}},"10":{"start":{"line":25,"column":17},"end":{"line":25,"column":28}},"11":{"start":{"line":26,"column":6},"end":{"line":26,"column":42}},"12":{"start":{"line":27,"column":6},"end":{"line":27,"column":85}},"13":{"start":{"line":29,"column":6},"end":{"line":29,"column":73}},"14":{"start":{"line":33,"column":2},"end":{"line":151,"column":3}},"15":{"start":{"line":80,"column":18},"end":{"line":81,"column":82}},"16":{"start":{"line":100,"column":33},"end":{"line":100,"column":72}},"17":{"start":{"line":115,"column":33},"end":{"line":115,"column":79}},"18":{"start":{"line":118,"column":16},"end":{"line":118,"column":77}},"19":{"start":{"line":119,"column":16},"end":{"line":119,"column":58}},"20":{"start":{"line":119,"column":38},"end":{"line":119,"column":58}}},"fnMap":{"0":{"name":"(anonymous_0)","decl":{"start":{"line":8,"column":21},"end":{"line":8,"column":22}},"loc":{"start":{"line":8,"column":27},"end":{"line":152,"column":1}},"line":8},"1":{"name":"(anonymous_1)","decl":{"start":{"line":22,"column":19},"end":{"line":22,"column":20}},"loc":{"start":{"line":22,"column":50},"end":{"line":31,"column":3}},"line":22},"2":{"name":"(anonymous_2)","decl":{"start":{"line":79,"column":26},"end":{"line":79,"column":27}},"loc":{"start":{"line":80,"column":18},"end":{"line":81,"column":82}},"line":80},"3":{"name":"(anonymous_3)","decl":{"start":{"line":100,"column":26},"end":{"line":100,"column":27}},"loc":{"start":{"line":100,"column":33},"end":{"line":100,"column":72}},"line":100},"4":{"name":"(anonymous_4)","decl":{"start":{"line":115,"column":26},"end":{"line":115,"column":27}},"loc":{"start":{"line":115,"column":33},"end":{"line":115,"column":79}},"line":115},"5":{"name":"(anonymous_5)","decl":{"start":{"line":117,"column":24},"end":{"line":117,"column":25}},"loc":{"start":{"line":117,"column":31},"end":{"line":120,"column":15}},"line":117}},"branchMap":{"0":{"loc":{"start":{"line":25,"column":6},"end":{"line":25,"column":28}},"type":"if","locations":[{"start":{"line":25,"column":6},"end":{"line":25,"column":28}},{"start":{},"end":{}}],"line":25},"1":{"loc":{"start":{"line":29,"column":18},"end":{"line":29,"column":72}},"type":"binary-expr","locations":[{"start":{"line":29,"column":18},"end":{"line":29,"column":30}},{"start":{"line":29,"column":34},"end":{"line":29,"column":72}}],"line":29},"2":{"loc":{"start":{"line":63,"column":13},"end":{"line":63,"column":96}},"type":"binary-expr","locations":[{"start":{"line":63,"column":13},"end":{"line":63,"column":25}},{"start":{"line":63,"column":29},"end":{"line":63,"column":96}}],"line":63},"3":{"loc":{"start":{"line":80,"column":18},"end":{"line":81,"column":82}},"type":"binary-expr","locations":[{"start":{"line":80,"column":18},"end":{"line":80,"column":39}},{"start":{"line":81,"column":18},"end":{"line":81,"column":82}}],"line":80},"4":{"loc":{"start":{"line":84,"column":13},"end":{"line":84,"column":102}},"type":"binary-expr","locations":[{"start":{"line":84,"column":13},"end":{"line":84,"column":28}},{"start":{"line":84,"column":32},"end":{"line":84,"column":102}}],"line":84},"5":{"loc":{"start":{"line":100,"column":33},"end":{"line":100,"column":72}},"type":"binary-expr","locations":[{"start":{"line":100,"column":33},"end":{"line":100,"column":47}},{"start":{"line":100,"column":51},"end":{"line":100,"column":72}}],"line":100},"6":{"loc":{"start":{"line":103,"column":13},"end":{"line":103,"column":100}},"type":"binary-expr","locations":[{"start":{"line":103,"column":13},"end":{"line":103,"column":27}},{"start":{"line":103,"column":31},"end":{"line":103,"column":100}}],"line":103},"7":{"loc":{"start":{"line":115,"column":33},"end":{"line":115,"column":79}},"type":"binary-expr","locations":[{"start":{"line":115,"column":33},"end":{"line":115,"column":43}},{"start":{"line":115,"column":47},"end":{"line":115,"column":79}}],"line":115},"8":{"loc":{"start":{"line":119,"column":16},"end":{"line":119,"column":58}},"type":"if","locations":[{"start":{"line":119,"column":16},"end":{"line":119,"column":58}},{"start":{},"end":{}}],"line":119},"9":{"loc":{"start":{"line":127,"column":11},"end":{"line":127,"column":94}},"type":"binary-expr","locations":[{"start":{"line":127,"column":11},"end":{"line":127,"column":23}},{"start":{"line":127,"column":27},"end":{"line":127,"column":94}}],"line":127},"10":{"loc":{"start":{"line":133,"column":22},"end":{"line":133,"column":45}},"type":"binary-expr","locations":[{"start":{"line":133,"column":22},"end":{"line":133,"column":29}},{"start":{"line":133,"column":33},"end":{"line":133,"column":45}}],"line":133},"11":{"loc":{"start":{"line":135,"column":13},"end":{"line":142,"column":13}},"type":"cond-expr","locations":[{"start":{"line":136,"column":14},"end":{"line":139,"column":17}},{"start":{"line":141,"column":14},"end":{"line":141,"column":23}}],"line":135}},"s":{"0":1,"1":1,"2":36,"3":36,"4":36,"5":36,"6":36,"7":2,"8":2,"9":2,"10":1,"11":1,"12":1,"13":1,"14":36,"15":2,"16":2,"17":4,"18":2,"19":2,"20":2},"f":{"0":36,"1":2,"2":2,"3":2,"4":4,"5":2},"b":{"0":[1,1],"1":[1,0],"2":[36,0],"3":[2,0],"4":[36,0],"5":[2,0],"6":[36,0],"7":[4,0],"8":[2,0],"9":[36,0],"10":[36,8],"11":[2,34]},"_coverageSchema":"1a1c01bbd47fc00a2c39e90264f33305004495a9","hash":"7b80c42d33c130634d9c6541c80ad0af81307298"}
}
