TN:
SF:src\features\auth\RegisterPage.jsx
FN:8,(anonymous_0)
FN:22,(anonymous_1)
FN:79,(anonymous_2)
FN:100,(anonymous_3)
FN:115,(anonymous_4)
FN:117,(anonymous_5)
FNF:6
FNH:6
FNDA:36,(anonymous_0)
FNDA:2,(anonymous_1)
FNDA:2,(anonymous_2)
FNDA:2,(anonymous_3)
FNDA:4,(anonymous_4)
FNDA:2,(anonymous_5)
DA:6,1
DA:8,1
DA:16,36
DA:18,36
DA:19,36
DA:20,36
DA:22,36
DA:23,2
DA:24,2
DA:25,2
DA:26,1
DA:27,1
DA:29,1
DA:33,36
DA:80,2
DA:100,2
DA:115,4
DA:118,2
DA:119,2
LF:19
LH:19
BRDA:25,0,0,1
BRDA:25,0,1,1
BRDA:29,1,0,1
BRDA:29,1,1,0
BRDA:63,2,0,36
BRDA:63,2,1,0
BRDA:80,3,0,2
BRDA:80,3,1,0
BRDA:84,4,0,36
BRDA:84,4,1,0
BRDA:100,5,0,2
BRDA:100,5,1,0
BRDA:103,6,0,36
BRDA:103,6,1,0
BRDA:115,7,0,4
BRDA:115,7,1,0
BRDA:119,8,0,2
BRDA:119,8,1,0
BRDA:127,9,0,36
BRDA:127,9,1,0
BRDA:133,10,0,36
BRDA:133,10,1,8
BRDA:135,11,0,2
BRDA:135,11,1,34
BRF:24
BRH:15
end_of_record
