TN:
SF:src\features\auth\LoginPage.jsx
FN:1,(anonymous_0)
FNF:1
FNH:1
FNDA:1,(anonymous_0)
DA:1,1
DA:3,1
LF:2
LH:2
BRF:0
BRH:0
end_of_record
TN:
SF:src\features\auth\RegisterPage.jsx
FN:9,(anonymous_0)
FN:23,(anonymous_1)
FN:80,(anonymous_2)
FN:101,(anonymous_3)
FN:116,(anonymous_4)
FN:118,(anonymous_5)
FNF:6
FNH:6
FNDA:73,(anonymous_0)
FNDA:3,(anonymous_1)
FNDA:4,(anonymous_2)
FNDA:4,(anonymous_3)
FNDA:10,(anonymous_4)
FNDA:5,(anonymous_5)
DA:7,1
DA:9,1
DA:17,73
DA:19,73
DA:20,73
DA:21,73
DA:23,73
DA:24,3
DA:25,3
DA:26,3
DA:27,2
DA:28,2
DA:30,1
DA:34,73
DA:81,4
DA:101,4
DA:116,10
DA:119,5
DA:120,5
LF:19
LH:19
BRDA:26,0,0,1
BRDA:26,0,1,2
BRDA:30,1,0,1
BRDA:30,1,1,0
BRDA:64,2,0,73
BRDA:64,2,1,1
BRDA:81,3,0,4
BRDA:81,3,1,1
BRDA:85,4,0,73
BRDA:85,4,1,2
BRDA:101,5,0,4
BRDA:101,5,1,1
BRDA:104,6,0,73
BRDA:104,6,1,2
BRDA:116,7,0,10
BRDA:116,7,1,0
BRDA:120,8,0,5
BRDA:120,8,1,0
BRDA:128,9,0,73
BRDA:128,9,1,0
BRDA:134,10,0,73
BRDA:134,10,1,33
BRDA:136,11,0,6
BRDA:136,11,1,67
BRF:24
BRH:20
end_of_record
